<?xml version="1.0" encoding="UTF-8"?>
<!-- Generated by org.testng.reporters.JUnitXMLReporter -->
<testsuite hostname="Design" name="Test" tests="1" failures="1" timestamp="10 Oct 2017 07:21:02 GMT" time="0.053" errors="0">
  <testcase name="getUl" time="0.029" classname="LeadTestcase.LeadTesting">
    <failure type="java.lang.NullPointerException">
      <![CDATA[java.lang.NullPointerException
	at LeadTestcase.LeadTesting.getUl(LeadTesting.java:17)
... Removed 24 stack frames]]>
    </failure>
  </testcase> <!-- getUl -->
</testsuite> <!-- Test -->
