<?xml version="1.0" encoding="UTF-8"?>
<testng-results skipped="0" failed="1" total="1" passed="0">
  <reporter-output>
  </reporter-output>
  <suite name="Default suite" duration-ms="418447" started-at="2017-12-20T09:14:57Z" finished-at="2017-12-20T09:21:55Z">
    <groups>
    </groups>
    <test name="Default test" duration-ms="418447" started-at="2017-12-20T09:14:57Z" finished-at="2017-12-20T09:21:55Z">
      <class name="Testcases.Testcase1">
        <test-method status="PASS" signature="Instance()[pri:0, instance:Testcases.Testcase1@322d26]" name="Instance" is-config="true" duration-ms="463" started-at="2017-12-20T14:44:57Z" finished-at="2017-12-20T14:44:57Z">
          <reporter-output>
          </reporter-output>
        </test-method> <!-- Instance -->
        <test-method status="PASS" signature="beforeMethod()[pri:0, instance:Testcases.Testcase1@322d26]" name="beforeMethod" is-config="true" duration-ms="8567" started-at="2017-12-20T14:44:59Z" finished-at="2017-12-20T14:45:07Z">
          <reporter-output>
          </reporter-output>
        </test-method> <!-- beforeMethod -->
        <test-method status="FAIL" signature="init(java.lang.String, java.lang.String, java.lang.String, java.lang.String, java.lang.String, java.lang.String)[pri:1, instance:Testcases.Testcase1@322d26]" name="init" duration-ms="407841" started-at="2017-12-20T14:45:07Z" data-provider="getData" finished-at="2017-12-20T14:51:55Z">
          <params>
            <param index="0">
              <value>
                <![CDATA[Alangudi]]>
              </value>
            </param>
            <param index="1">
              <value>
                <![CDATA[Ravikumar]]>
              </value>
            </param>
            <param index="2">
              <value>
                <![CDATA[ravikumar12@mailinator.com]]>
              </value>
            </param>
            <param index="3">
              <value>
                <![CDATA[9891908111]]>
              </value>
            </param>
            <param index="4">
              <value>
                <![CDATA[premkumar.m@indiaproperty.com]]>
              </value>
            </param>
            <param index="5">
              <value>
                <![CDATA[Elshaddaikr22]]>
              </value>
            </param>
          </params>
          <exception class="java.lang.IllegalArgumentException">
            <message>
              <![CDATA[Cannot format given Object as a Date]]>
            </message>
            <full-stacktrace>
              <![CDATA[java.lang.IllegalArgumentException: Cannot format given Object as a Date
	at java.text.DateFormat.format(Unknown Source)
	at java.text.Format.format(Unknown Source)
	at pages.SellerDashBoardMyLeads.currentDate(SellerDashBoardMyLeads.java:260)
	at Testcases.Testcase1.init(Testcase1.java:172)
	at sun.reflect.NativeMethodAccessorImpl.invoke0(Native Method)
	at sun.reflect.NativeMethodAccessorImpl.invoke(Unknown Source)
	at sun.reflect.DelegatingMethodAccessorImpl.invoke(Unknown Source)
	at java.lang.reflect.Method.invoke(Unknown Source)
	at org.testng.internal.MethodInvocationHelper.invokeMethod(MethodInvocationHelper.java:86)
	at org.testng.internal.Invoker.invokeMethod(Invoker.java:643)
	at org.testng.internal.Invoker.invokeTestMethod(Invoker.java:820)
	at org.testng.internal.Invoker.invokeTestMethods(Invoker.java:1128)
	at org.testng.internal.TestMethodWorker.invokeTestMethods(TestMethodWorker.java:129)
	at org.testng.internal.TestMethodWorker.run(TestMethodWorker.java:112)
	at org.testng.TestRunner.privateRun(TestRunner.java:782)
	at org.testng.TestRunner.run(TestRunner.java:632)
	at org.testng.SuiteRunner.runTest(SuiteRunner.java:366)
	at org.testng.SuiteRunner.runSequentially(SuiteRunner.java:361)
	at org.testng.SuiteRunner.privateRun(SuiteRunner.java:319)
	at org.testng.SuiteRunner.run(SuiteRunner.java:268)
	at org.testng.SuiteRunnerWorker.runSuite(SuiteRunnerWorker.java:52)
	at org.testng.SuiteRunnerWorker.run(SuiteRunnerWorker.java:86)
	at org.testng.TestNG.runSuitesSequentially(TestNG.java:1244)
	at org.testng.TestNG.runSuitesLocally(TestNG.java:1169)
	at org.testng.TestNG.run(TestNG.java:1064)
	at org.testng.remote.AbstractRemoteTestNG.run(AbstractRemoteTestNG.java:114)
	at org.testng.remote.RemoteTestNG.initAndRun(RemoteTestNG.java:251)
	at org.testng.remote.RemoteTestNG.main(RemoteTestNG.java:77)
]]>
            </full-stacktrace>
          </exception> <!-- java.lang.IllegalArgumentException -->
          <reporter-output>
          </reporter-output>
        </test-method> <!-- init -->
        <test-method status="PASS" signature="tear()[pri:0, instance:Testcases.Testcase1@322d26]" name="tear" is-config="true" duration-ms="333" started-at="2017-12-20T14:51:55Z" finished-at="2017-12-20T14:51:55Z">
          <reporter-output>
          </reporter-output>
        </test-method> <!-- tear -->
      </class> <!-- Testcases.Testcase1 -->
    </test> <!-- Default test -->
  </suite> <!-- Default suite -->
</testng-results>
